<?xml version="1.0" encoding="UTF-8"?>
<!-- Generated by org.testng.reporters.JUnitXMLReporter -->
<testsuite ignored="2" hostname="DESKTOP-H8KQUR0" failures="0" tests="2" name="Test" time="5.551" errors="0" timestamp="2022-08-03T17:22:47 IST">
  <testcase classname="tests.LoginTest" name="verifybuttontext" time="0.077"/>
  <testcase classname="tests.LoginTest" name="login" time="5.363"/>
  <testcase classname="tests.BaseTest" name="@AfterSuite tearDown" time="0.0">
    <ignored/>
  </testcase> <!-- @AfterSuite tearDown -->
  <testcase classname="tests.BaseTest" name="@BeforeSuite init" time="0.0">
    <ignored/>
  </testcase> <!-- @BeforeSuite init -->
</testsuite> <!-- Test -->
