<?xml version="1.0" encoding="UTF-8"?>
<testng-results ignored="2" total="4" passed="2" failed="0" skipped="0">
  <reporter-output>
  </reporter-output>
  <suite started-at="2022-08-03T17:22:41 IST" name="Suite" finished-at="2022-08-03T17:22:47 IST" duration-ms="5551">
    <groups>
    </groups>
    <test started-at="2022-08-03T17:22:41 IST" name="Test" finished-at="2022-08-03T17:22:47 IST" duration-ms="5551">
      <class name="tests.LoginTest">
        <test-method is-config="true" signature="initObject()[pri:0, instance:tests.LoginTest@3e694b3f]" started-at="2022-08-03T17:22:41 IST" name="initObject" finished-at="2022-08-03T17:22:42 IST" duration-ms="35" status="PASS">
          <reporter-output>
          </reporter-output>
        </test-method> <!-- initObject -->
        <test-method signature="verifybuttontext()[pri:1, instance:tests.LoginTest@3e694b3f]" started-at="2022-08-03T17:22:42 IST" name="verifybuttontext" finished-at="2022-08-03T17:22:42 IST" duration-ms="77" status="PASS">
          <reporter-output>
          </reporter-output>
        </test-method> <!-- verifybuttontext -->
        <test-method signature="login()[pri:2, instance:tests.LoginTest@3e694b3f]" started-at="2022-08-03T17:22:42 IST" name="login" finished-at="2022-08-03T17:22:47 IST" duration-ms="5363" status="PASS">
          <reporter-output>
          </reporter-output>
        </test-method> <!-- login -->
      </class> <!-- tests.LoginTest -->
      <class name="tests.BaseTest">
        <test-method is-config="true" signature="init()[pri:0, instance:tests.BaseTest@4d5d943d]" started-at="2022-08-03T17:22:25 IST" name="init" finished-at="2022-08-03T17:22:41 IST" duration-ms="16794" status="PASS">
          <reporter-output>
          </reporter-output>
        </test-method> <!-- init -->
        <test-method is-config="true" signature="tearDown()[pri:0, instance:tests.BaseTest@4d5d943d]" started-at="2022-08-03T17:22:47 IST" name="tearDown" finished-at="2022-08-03T17:22:47 IST" duration-ms="323" status="PASS">
          <reporter-output>
          </reporter-output>
        </test-method> <!-- tearDown -->
      </class> <!-- tests.BaseTest -->
    </test> <!-- Test -->
  </suite> <!-- Suite -->
</testng-results>
